{"/Users/daniilpereverzev/uuul/ulbitv-frontend/src/entities/Counter/model/selectors/getCounter/getCounter.ts": {"path":"/Users/daniilpereverzev/uuul/ulbitv-frontend/src/entities/Counter/model/selectors/getCounter/getCounter.ts","statementMap":{"0":{"start":{"line":5,"column":26},"end":{"line":5,"column":78}},"1":{"start":{"line":5,"column":65},"end":{"line":5,"column":78}}},"fnMap":{"0":{"name":"(anonymous_0)","decl":{"start":{"line":5,"column":26},"end":{"line":5,"column":27}},"loc":{"start":{"line":5,"column":65},"end":{"line":5,"column":78}},"line":5}},"branchMap":{},"s":{"0":1,"1":1},"f":{"0":1},"b":{},"_coverageSchema":"1a1c01bbd47fc00a2c39e90264f33305004495a9","hash":"2100df919b94e9a47347946a79e18208e02f7d85"}
,"/Users/daniilpereverzev/uuul/ulbitv-frontend/src/entities/User/model/selectors/getUserInited/getUserInited.ts": {"path":"/Users/daniilpereverzev/uuul/ulbitv-frontend/src/entities/User/model/selectors/getUserInited/getUserInited.ts","statementMap":{"0":{"start":{"line":3,"column":29},"end":{"line":4,"column":19}},"1":{"start":{"line":4,"column":1},"end":{"line":4,"column":19}}},"fnMap":{"0":{"name":"(anonymous_0)","decl":{"start":{"line":3,"column":29},"end":{"line":3,"column":30}},"loc":{"start":{"line":4,"column":1},"end":{"line":4,"column":19}},"line":4}},"branchMap":{},"s":{"0":1,"1":2},"f":{"0":2},"b":{},"_coverageSchema":"1a1c01bbd47fc00a2c39e90264f33305004495a9","hash":"3045ee624690fcd1741093688d88968f851bb004"}
,"/Users/daniilpereverzev/uuul/ulbitv-frontend/src/features/AddCommentForm/model/selectors/addCommentFormSelectors.ts": {"path":"/Users/daniilpereverzev/uuul/ulbitv-frontend/src/features/AddCommentForm/model/selectors/addCommentFormSelectors.ts","statementMap":{"0":{"start":{"line":3,"column":37},"end":{"line":4,"column":33}},"1":{"start":{"line":4,"column":1},"end":{"line":4,"column":33}},"2":{"start":{"line":5,"column":38},"end":{"line":6,"column":28}},"3":{"start":{"line":6,"column":1},"end":{"line":6,"column":28}}},"fnMap":{"0":{"name":"(anonymous_0)","decl":{"start":{"line":3,"column":37},"end":{"line":3,"column":38}},"loc":{"start":{"line":4,"column":1},"end":{"line":4,"column":33}},"line":4},"1":{"name":"(anonymous_1)","decl":{"start":{"line":5,"column":38},"end":{"line":5,"column":39}},"loc":{"start":{"line":6,"column":1},"end":{"line":6,"column":28}},"line":6}},"branchMap":{"0":{"loc":{"start":{"line":4,"column":1},"end":{"line":4,"column":33}},"type":"binary-expr","locations":[{"start":{"line":4,"column":1},"end":{"line":4,"column":27}},{"start":{"line":4,"column":31},"end":{"line":4,"column":33}}],"line":4}},"s":{"0":1,"1":2,"2":1,"3":2},"f":{"0":2,"1":2},"b":{"0":[2,1]},"_coverageSchema":"1a1c01bbd47fc00a2c39e90264f33305004495a9","hash":"40b363e275b1aebf4abc65aa720451d7e37f50bc"}
,"/Users/daniilpereverzev/uuul/ulbitv-frontend/src/features/AddCommentForm/model/slice/addCommentFormSlice.ts": {"path":"/Users/daniilpereverzev/uuul/ulbitv-frontend/src/features/AddCommentForm/model/slice/addCommentFormSlice.ts","statementMap":{"0":{"start":{"line":5,"column":43},"end":{"line":8,"column":1}},"1":{"start":{"line":10,"column":35},"end":{"line":18,"column":2}},"2":{"start":{"line":15,"column":3},"end":{"line":15,"column":31}},"3":{"start":{"line":20,"column":37},"end":{"line":20,"column":64}},"4":{"start":{"line":21,"column":37},"end":{"line":21,"column":64}}},"fnMap":{"0":{"name":"(anonymous_0)","decl":{"start":{"line":14,"column":2},"end":{"line":14,"column":3}},"loc":{"start":{"line":14,"column":48},"end":{"line":16,"column":3}},"line":14}},"branchMap":{},"s":{"0":1,"1":1,"2":2,"3":1,"4":1},"f":{"0":2},"b":{},"_coverageSchema":"1a1c01bbd47fc00a2c39e90264f33305004495a9","hash":"965ee12bc55ba211b540bfe26ed73ead60a09954"}
,"/Users/daniilpereverzev/uuul/ulbitv-frontend/src/features/AuthByUsername/model/selectors/getLoginError/getLoginError.ts": {"path":"/Users/daniilpereverzev/uuul/ulbitv-frontend/src/features/AuthByUsername/model/selectors/getLoginError/getLoginError.ts","statementMap":{"0":{"start":{"line":3,"column":29},"end":{"line":4,"column":30}},"1":{"start":{"line":4,"column":1},"end":{"line":4,"column":30}}},"fnMap":{"0":{"name":"(anonymous_0)","decl":{"start":{"line":3,"column":29},"end":{"line":3,"column":30}},"loc":{"start":{"line":4,"column":1},"end":{"line":4,"column":30}},"line":4}},"branchMap":{"0":{"loc":{"start":{"line":4,"column":1},"end":{"line":4,"column":30}},"type":"binary-expr","locations":[{"start":{"line":4,"column":1},"end":{"line":4,"column":24}},{"start":{"line":4,"column":28},"end":{"line":4,"column":30}}],"line":4}},"s":{"0":1,"1":2},"f":{"0":2},"b":{"0":[2,1]},"_coverageSchema":"1a1c01bbd47fc00a2c39e90264f33305004495a9","hash":"02d14fcbed1416394f50a6568a4357392745c91f"}
,"/Users/daniilpereverzev/uuul/ulbitv-frontend/src/features/AuthByUsername/model/selectors/getLoginIsLoading/getLoginIsLoading.ts": {"path":"/Users/daniilpereverzev/uuul/ulbitv-frontend/src/features/AuthByUsername/model/selectors/getLoginIsLoading/getLoginIsLoading.ts","statementMap":{"0":{"start":{"line":3,"column":33},"end":{"line":4,"column":37}},"1":{"start":{"line":4,"column":1},"end":{"line":4,"column":37}}},"fnMap":{"0":{"name":"(anonymous_0)","decl":{"start":{"line":3,"column":33},"end":{"line":3,"column":34}},"loc":{"start":{"line":4,"column":1},"end":{"line":4,"column":37}},"line":4}},"branchMap":{"0":{"loc":{"start":{"line":4,"column":1},"end":{"line":4,"column":37}},"type":"binary-expr","locations":[{"start":{"line":4,"column":1},"end":{"line":4,"column":28}},{"start":{"line":4,"column":32},"end":{"line":4,"column":37}}],"line":4}},"s":{"0":1,"1":2},"f":{"0":2},"b":{"0":[2,1]},"_coverageSchema":"1a1c01bbd47fc00a2c39e90264f33305004495a9","hash":"7a3181aafb8912262f1ece70d1990ae34dd2da41"}
,"/Users/daniilpereverzev/uuul/ulbitv-frontend/src/features/AuthByUsername/model/selectors/getLoginPassword/getLoginPassword.ts": {"path":"/Users/daniilpereverzev/uuul/ulbitv-frontend/src/features/AuthByUsername/model/selectors/getLoginPassword/getLoginPassword.ts","statementMap":{"0":{"start":{"line":3,"column":32},"end":{"line":4,"column":33}},"1":{"start":{"line":4,"column":1},"end":{"line":4,"column":33}}},"fnMap":{"0":{"name":"(anonymous_0)","decl":{"start":{"line":3,"column":32},"end":{"line":3,"column":33}},"loc":{"start":{"line":4,"column":1},"end":{"line":4,"column":33}},"line":4}},"branchMap":{"0":{"loc":{"start":{"line":4,"column":1},"end":{"line":4,"column":33}},"type":"binary-expr","locations":[{"start":{"line":4,"column":1},"end":{"line":4,"column":27}},{"start":{"line":4,"column":31},"end":{"line":4,"column":33}}],"line":4}},"s":{"0":1,"1":2},"f":{"0":2},"b":{"0":[2,1]},"_coverageSchema":"1a1c01bbd47fc00a2c39e90264f33305004495a9","hash":"60e35f915ed0b0a553d0f624350faad28175d41b"}
,"/Users/daniilpereverzev/uuul/ulbitv-frontend/src/features/AuthByUsername/model/selectors/getLoginUsername/getLoginUsername.ts": {"path":"/Users/daniilpereverzev/uuul/ulbitv-frontend/src/features/AuthByUsername/model/selectors/getLoginUsername/getLoginUsername.ts","statementMap":{"0":{"start":{"line":3,"column":32},"end":{"line":4,"column":33}},"1":{"start":{"line":4,"column":1},"end":{"line":4,"column":33}}},"fnMap":{"0":{"name":"(anonymous_0)","decl":{"start":{"line":3,"column":32},"end":{"line":3,"column":33}},"loc":{"start":{"line":4,"column":1},"end":{"line":4,"column":33}},"line":4}},"branchMap":{"0":{"loc":{"start":{"line":4,"column":1},"end":{"line":4,"column":33}},"type":"binary-expr","locations":[{"start":{"line":4,"column":1},"end":{"line":4,"column":27}},{"start":{"line":4,"column":31},"end":{"line":4,"column":33}}],"line":4}},"s":{"0":1,"1":2},"f":{"0":2},"b":{"0":[2,1]},"_coverageSchema":"1a1c01bbd47fc00a2c39e90264f33305004495a9","hash":"a3de62ec000ca11e7e0914c7facbf0ef935210cb"}
,"/Users/daniilpereverzev/uuul/ulbitv-frontend/src/features/EditableProfileCard/model/consts/consts.ts": {"path":"/Users/daniilpereverzev/uuul/ulbitv-frontend/src/features/EditableProfileCard/model/consts/consts.ts","statementMap":{},"fnMap":{},"branchMap":{},"s":{},"f":{},"b":{},"_coverageSchema":"1a1c01bbd47fc00a2c39e90264f33305004495a9","hash":"1f0f8a02bbc2b58bf8c7b298c7fc81b045c8025f"}
,"/Users/daniilpereverzev/uuul/ulbitv-frontend/src/features/EditableProfileCard/model/selectors/getProfileError/getProfileError.ts": {"path":"/Users/daniilpereverzev/uuul/ulbitv-frontend/src/features/EditableProfileCard/model/selectors/getProfileError/getProfileError.ts","statementMap":{"0":{"start":{"line":3,"column":31},"end":{"line":3,"column":75}},"1":{"start":{"line":3,"column":55},"end":{"line":3,"column":75}}},"fnMap":{"0":{"name":"(anonymous_0)","decl":{"start":{"line":3,"column":31},"end":{"line":3,"column":32}},"loc":{"start":{"line":3,"column":55},"end":{"line":3,"column":75}},"line":3}},"branchMap":{},"s":{"0":1,"1":2},"f":{"0":2},"b":{},"_coverageSchema":"1a1c01bbd47fc00a2c39e90264f33305004495a9","hash":"0c8f89cce0ea4e931cc80ddcdabc80b5d793a8ca"}
,"/Users/daniilpereverzev/uuul/ulbitv-frontend/src/features/EditableProfileCard/model/selectors/getProfileIsLoading/getProfileIsLoading.ts": {"path":"/Users/daniilpereverzev/uuul/ulbitv-frontend/src/features/EditableProfileCard/model/selectors/getProfileIsLoading/getProfileIsLoading.ts","statementMap":{"0":{"start":{"line":3,"column":35},"end":{"line":4,"column":25}},"1":{"start":{"line":4,"column":1},"end":{"line":4,"column":25}}},"fnMap":{"0":{"name":"(anonymous_0)","decl":{"start":{"line":3,"column":35},"end":{"line":3,"column":36}},"loc":{"start":{"line":4,"column":1},"end":{"line":4,"column":25}},"line":4}},"branchMap":{},"s":{"0":1,"1":2},"f":{"0":2},"b":{},"_coverageSchema":"1a1c01bbd47fc00a2c39e90264f33305004495a9","hash":"4928329cff95352654985494a13d315f636026ad"}
,"/Users/daniilpereverzev/uuul/ulbitv-frontend/src/features/EditableProfileCard/model/selectors/getProfileReadonly/getProfileReadonly.ts": {"path":"/Users/daniilpereverzev/uuul/ulbitv-frontend/src/features/EditableProfileCard/model/selectors/getProfileReadonly/getProfileReadonly.ts","statementMap":{"0":{"start":{"line":3,"column":34},"end":{"line":4,"column":24}},"1":{"start":{"line":4,"column":1},"end":{"line":4,"column":24}}},"fnMap":{"0":{"name":"(anonymous_0)","decl":{"start":{"line":3,"column":34},"end":{"line":3,"column":35}},"loc":{"start":{"line":4,"column":1},"end":{"line":4,"column":24}},"line":4}},"branchMap":{},"s":{"0":1,"1":2},"f":{"0":2},"b":{},"_coverageSchema":"1a1c01bbd47fc00a2c39e90264f33305004495a9","hash":"cba94f4b0417bcd14be484d6fe3da14a70da7650"}
,"/Users/daniilpereverzev/uuul/ulbitv-frontend/src/features/EditableProfileCard/model/selectors/getProfileValidateErrors/getProfileValidateErrors.ts": {"path":"/Users/daniilpereverzev/uuul/ulbitv-frontend/src/features/EditableProfileCard/model/selectors/getProfileValidateErrors/getProfileValidateErrors.ts","statementMap":{"0":{"start":{"line":3,"column":40},"end":{"line":4,"column":30}},"1":{"start":{"line":4,"column":1},"end":{"line":4,"column":30}}},"fnMap":{"0":{"name":"(anonymous_0)","decl":{"start":{"line":3,"column":40},"end":{"line":3,"column":41}},"loc":{"start":{"line":4,"column":1},"end":{"line":4,"column":30}},"line":4}},"branchMap":{},"s":{"0":1,"1":2},"f":{"0":2},"b":{},"_coverageSchema":"1a1c01bbd47fc00a2c39e90264f33305004495a9","hash":"838c158f338af3603a7715550e4a3240967a9fd0"}
,"/Users/daniilpereverzev/uuul/ulbitv-frontend/src/pages/ArticleDetailsPage/model/selectors/comments.ts": {"path":"/Users/daniilpereverzev/uuul/ulbitv-frontend/src/pages/ArticleDetailsPage/model/selectors/comments.ts","statementMap":{"0":{"start":{"line":3,"column":50},"end":{"line":5,"column":1}},"1":{"start":{"line":4,"column":1},"end":{"line":4,"column":63}},"2":{"start":{"line":6,"column":46},"end":{"line":8,"column":1}},"3":{"start":{"line":7,"column":1},"end":{"line":7,"column":50}}},"fnMap":{"0":{"name":"(anonymous_0)","decl":{"start":{"line":3,"column":50},"end":{"line":3,"column":51}},"loc":{"start":{"line":3,"column":74},"end":{"line":5,"column":1}},"line":3},"1":{"name":"(anonymous_1)","decl":{"start":{"line":6,"column":46},"end":{"line":6,"column":47}},"loc":{"start":{"line":6,"column":70},"end":{"line":8,"column":1}},"line":6}},"branchMap":{"0":{"loc":{"start":{"line":4,"column":8},"end":{"line":4,"column":62}},"type":"binary-expr","locations":[{"start":{"line":4,"column":8},"end":{"line":4,"column":53}},{"start":{"line":4,"column":57},"end":{"line":4,"column":62}}],"line":4}},"s":{"0":1,"1":2,"2":1,"3":2},"f":{"0":2,"1":2},"b":{"0":[2,1]},"_coverageSchema":"1a1c01bbd47fc00a2c39e90264f33305004495a9","hash":"9b68514807121aa0445181ff7bf931e18fc684d7"}
,"/Users/daniilpereverzev/uuul/ulbitv-frontend/src/pages/ArticleDetailsPage/model/services/fetchCommentsByArticleId/fetchCommentsByArticleId.ts": {"path":"/Users/daniilpereverzev/uuul/ulbitv-frontend/src/pages/ArticleDetailsPage/model/services/fetchCommentsByArticleId/fetchCommentsByArticleId.ts","statementMap":{"0":{"start":{"line":6,"column":40},"end":{"line":34,"column":2}},"1":{"start":{"line":11,"column":36},"end":{"line":11,"column":44}},"2":{"start":{"line":13,"column":1},"end":{"line":15,"column":2}},"3":{"start":{"line":14,"column":2},"end":{"line":14,"column":34}},"4":{"start":{"line":17,"column":1},"end":{"line":33,"column":2}},"5":{"start":{"line":18,"column":19},"end":{"line":23,"column":4}},"6":{"start":{"line":25,"column":2},"end":{"line":27,"column":3}},"7":{"start":{"line":26,"column":3},"end":{"line":26,"column":21}},"8":{"start":{"line":29,"column":2},"end":{"line":29,"column":23}},"9":{"start":{"line":31,"column":2},"end":{"line":31,"column":19}},"10":{"start":{"line":32,"column":2},"end":{"line":32,"column":34}}},"fnMap":{"0":{"name":"(anonymous_0)","decl":{"start":{"line":10,"column":39},"end":{"line":10,"column":40}},"loc":{"start":{"line":10,"column":70},"end":{"line":34,"column":1}},"line":10}},"branchMap":{"0":{"loc":{"start":{"line":13,"column":1},"end":{"line":15,"column":2}},"type":"if","locations":[{"start":{"line":13,"column":1},"end":{"line":15,"column":2}},{"start":{},"end":{}}],"line":13},"1":{"loc":{"start":{"line":25,"column":2},"end":{"line":27,"column":3}},"type":"if","locations":[{"start":{"line":25,"column":2},"end":{"line":27,"column":3}},{"start":{},"end":{}}],"line":25}},"s":{"0":1,"1":0,"2":0,"3":0,"4":0,"5":0,"6":0,"7":0,"8":0,"9":0,"10":0},"f":{"0":0},"b":{"0":[0,0],"1":[0,0]},"_coverageSchema":"1a1c01bbd47fc00a2c39e90264f33305004495a9","hash":"d0815d6c86b9989c812f38e5e3c6cd0d5532642f"}
,"/Users/daniilpereverzev/uuul/ulbitv-frontend/src/pages/ArticleDetailsPage/model/slices/articleDetailsCommentsSlice.ts": {"path":"/Users/daniilpereverzev/uuul/ulbitv-frontend/src/pages/ArticleDetailsPage/model/slices/articleDetailsCommentsSlice.ts","statementMap":{"0":{"start":{"line":13,"column":24},"end":{"line":15,"column":2}},"1":{"start":{"line":14,"column":24},"end":{"line":14,"column":34}},"2":{"start":{"line":16,"column":34},"end":{"line":19,"column":1}},"3":{"start":{"line":18,"column":2},"end":{"line":18,"column":73}},"4":{"start":{"line":21,"column":36},"end":{"line":50,"column":2}},"5":{"start":{"line":33,"column":2},"end":{"line":48,"column":6}},"6":{"start":{"line":35,"column":4},"end":{"line":35,"column":28}},"7":{"start":{"line":36,"column":4},"end":{"line":36,"column":27}},"8":{"start":{"line":41,"column":5},"end":{"line":41,"column":29}},"9":{"start":{"line":42,"column":5},"end":{"line":42,"column":51}},"10":{"start":{"line":46,"column":4},"end":{"line":46,"column":28}},"11":{"start":{"line":47,"column":4},"end":{"line":47,"column":33}},"12":{"start":{"line":53,"column":1},"end":{"line":53,"column":28}}},"fnMap":{"0":{"name":"(anonymous_0)","decl":{"start":{"line":14,"column":11},"end":{"line":14,"column":12}},"loc":{"start":{"line":14,"column":24},"end":{"line":14,"column":34}},"line":14},"1":{"name":"(anonymous_1)","decl":{"start":{"line":17,"column":1},"end":{"line":17,"column":2}},"loc":{"start":{"line":18,"column":2},"end":{"line":18,"column":73}},"line":18},"2":{"name":"(anonymous_2)","decl":{"start":{"line":32,"column":16},"end":{"line":32,"column":17}},"loc":{"start":{"line":32,"column":29},"end":{"line":49,"column":2}},"line":32},"3":{"name":"(anonymous_3)","decl":{"start":{"line":34,"column":46},"end":{"line":34,"column":47}},"loc":{"start":{"line":34,"column":57},"end":{"line":37,"column":4}},"line":34},"4":{"name":"(anonymous_4)","decl":{"start":{"line":40,"column":4},"end":{"line":40,"column":5}},"loc":{"start":{"line":40,"column":49},"end":{"line":43,"column":5}},"line":40},"5":{"name":"(anonymous_5)","decl":{"start":{"line":45,"column":47},"end":{"line":45,"column":48}},"loc":{"start":{"line":45,"column":66},"end":{"line":48,"column":4}},"line":45}},"branchMap":{"0":{"loc":{"start":{"line":18,"column":2},"end":{"line":18,"column":73}},"type":"binary-expr","locations":[{"start":{"line":18,"column":2},"end":{"line":18,"column":36}},{"start":{"line":18,"column":40},"end":{"line":18,"column":73}}],"line":18}},"s":{"0":1,"1":0,"2":1,"3":0,"4":1,"5":1,"6":1,"7":1,"8":0,"9":0,"10":0,"11":0,"12":1},"f":{"0":0,"1":0,"2":1,"3":1,"4":0,"5":0},"b":{"0":[0,0]},"_coverageSchema":"1a1c01bbd47fc00a2c39e90264f33305004495a9","hash":"3d036d01bf8266c47b9f14a8f2b64072b7e91c84"}
,"/Users/daniilpereverzev/uuul/ulbitv-frontend/src/shared/lib/classNames/classNames.ts": {"path":"/Users/daniilpereverzev/uuul/ulbitv-frontend/src/shared/lib/classNames/classNames.ts","statementMap":{"0":{"start":{"line":8,"column":1},"end":{"line":14,"column":13}},"1":{"start":{"line":12,"column":27},"end":{"line":12,"column":41}},"2":{"start":{"line":13,"column":25},"end":{"line":13,"column":34}}},"fnMap":{"0":{"name":"classNames","decl":{"start":{"line":3,"column":16},"end":{"line":3,"column":26}},"loc":{"start":{"line":7,"column":10},"end":{"line":15,"column":1}},"line":7},"1":{"name":"(anonymous_1)","decl":{"start":{"line":12,"column":11},"end":{"line":12,"column":12}},"loc":{"start":{"line":12,"column":27},"end":{"line":12,"column":41}},"line":12},"2":{"name":"(anonymous_2)","decl":{"start":{"line":13,"column":8},"end":{"line":13,"column":9}},"loc":{"start":{"line":13,"column":25},"end":{"line":13,"column":34}},"line":13}},"branchMap":{"0":{"loc":{"start":{"line":5,"column":1},"end":{"line":5,"column":16}},"type":"default-arg","locations":[{"start":{"line":5,"column":14},"end":{"line":5,"column":16}}],"line":5},"1":{"loc":{"start":{"line":6,"column":1},"end":{"line":6,"column":40}},"type":"default-arg","locations":[{"start":{"line":6,"column":38},"end":{"line":6,"column":40}}],"line":6}},"s":{"0":4,"1":4,"2":3},"f":{"0":4,"1":4,"2":3},"b":{"0":[1],"1":[1]},"_coverageSchema":"1a1c01bbd47fc00a2c39e90264f33305004495a9","hash":"e0d91257c17c0dbff5ba7df62bf21e62af6093d2"}
,"/Users/daniilpereverzev/uuul/ulbitv-frontend/src/shared/lib/url/addQueryParams/addQueryParams.ts": {"path":"/Users/daniilpereverzev/uuul/ulbitv-frontend/src/shared/lib/url/addQueryParams/addQueryParams.ts","statementMap":{"0":{"start":{"line":4,"column":22},"end":{"line":4,"column":65}},"1":{"start":{"line":5,"column":1},"end":{"line":9,"column":4}},"2":{"start":{"line":6,"column":2},"end":{"line":8,"column":3}},"3":{"start":{"line":7,"column":3},"end":{"line":7,"column":33}},"4":{"start":{"line":10,"column":1},"end":{"line":10,"column":38}},"5":{"start":{"line":18,"column":1},"end":{"line":18,"column":60}}},"fnMap":{"0":{"name":"getQueryParams","decl":{"start":{"line":2,"column":16},"end":{"line":2,"column":30}},"loc":{"start":{"line":2,"column":71},"end":{"line":11,"column":1}},"line":2},"1":{"name":"(anonymous_1)","decl":{"start":{"line":5,"column":32},"end":{"line":5,"column":33}},"loc":{"start":{"line":5,"column":51},"end":{"line":9,"column":2}},"line":5},"2":{"name":"addQueryParams","decl":{"start":{"line":17,"column":16},"end":{"line":17,"column":30}},"loc":{"start":{"line":17,"column":71},"end":{"line":19,"column":1}},"line":17}},"branchMap":{"0":{"loc":{"start":{"line":6,"column":2},"end":{"line":8,"column":3}},"type":"if","locations":[{"start":{"line":6,"column":2},"end":{"line":8,"column":3}},{"start":{},"end":{}}],"line":6}},"s":{"0":3,"1":0,"2":0,"3":0,"4":0,"5":0},"f":{"0":3,"1":0,"2":0},"b":{"0":[0,0]},"_coverageSchema":"1a1c01bbd47fc00a2c39e90264f33305004495a9","hash":"0f5eb4136de3c8281a4ac7b9948933c5888ab481"}
}
